<?xml version="1.0" encoding="UTF-8"?>
<testng-results skipped="0" failed="0" ignored="0" total="1" passed="1">
  <reporter-output>
  </reporter-output>
  <suite name="Default suite" duration-ms="381" started-at="2021-03-03T00:09:33 IST" finished-at="2021-03-03T00:09:34 IST">
    <groups>
    </groups>
    <test name="Default test" duration-ms="381" started-at="2021-03-03T00:09:33 IST" finished-at="2021-03-03T00:09:34 IST">
      <class name="pac1.UnitTest">
        <test-method status="PASS" signature="deleteProject()[pri:0, instance:pac1.UnitTest@1d16f93d]" name="deleteProject" duration-ms="337" started-at="2021-03-03T00:09:33 IST" finished-at="2021-03-03T00:09:34 IST">
          <reporter-output>
          </reporter-output>
        </test-method> <!-- deleteProject -->
      </class> <!-- pac1.UnitTest -->
    </test> <!-- Default test -->
  </suite> <!-- Default suite -->
</testng-results>
